mode: set
github.com/GoesToEleven/go-programming/code_samples/010-ninja-level-thirteen/02/02-code-finished/word/main.go:7.40,10.23 3 1
github.com/GoesToEleven/go-programming/code_samples/010-ninja-level-thirteen/02/02-code-finished/word/main.go:13.2,13.10 1 1
github.com/GoesToEleven/go-programming/code_samples/010-ninja-level-thirteen/02/02-code-finished/word/main.go:10.23,12.3 1 1
github.com/GoesToEleven/go-programming/code_samples/010-ninja-level-thirteen/02/02-code-finished/word/main.go:17.26,20.2 2 1
